2015-12-24 16:14:44.651 wizem[1502:78452] DiskCookieStorage changing policy from 2 to 0, cookie file: file:///Users/clementine/Library/Developer/CoreSimulator/Devices/BD10EF0A-7BE4-47B4-BBAC-2A75B3B683A1/data/Containers/Data/Application/8E914A1F-4CA0-453A-B6BB-6107447D30D7/Library/Cookies/com.ionicframework.wizem488138.binarycookies
2015-12-24 16:14:44.712 wizem[1502:78452] Apache Cordova native platform version 3.9.2 is starting.
2015-12-24 16:14:44.712 wizem[1502:78452] Multi-tasking -> Device: YES, App: YES
2015-12-24 16:14:44.714 wizem[1502:78452] Unlimited access to network resources
2015-12-24 16:14:44.848 wizem[1502:78452] Resetting plugins due to page load.
2015-12-24 16:14:45.436 wizem[1502:78452] Finished load of: file:///Users/clementine/Library/Developer/CoreSimulator/Devices/BD10EF0A-7BE4-47B4-BBAC-2A75B3B683A1/data/Containers/Bundle/Application/76B6C96F-D282-41F5-9C73-16907C5C7551/wizem.app/www/index.html#/login
2015-12-24 16:14:45.495 wizem[1502:78452] ERROR: Plugin 'Device' not found, or is not a CDVPlugin. Check your plugin mapping in config.xml.
2015-12-24 16:14:45.496 wizem[1502:78452] -[CDVCommandQueue executePending] [Line 159] FAILED pluginJSON = ["Device1940948641","Device","getDeviceInfo",[]]
2016-01-14 15:56:54.053 wizem[7084:307785] DiskCookieStorage changing policy from 2 to 0, cookie file: file:///Users/clementine/Library/Developer/CoreSimulator/Devices/8BFC6B6C-999C-489D-9DCC-A724FAA88745/data/Containers/Data/Application/049EDFA2-451A-43B8-8E7C-23C48B170F67/Library/Cookies/com.ionicframework.wizem488138.binarycookies
2016-01-14 15:56:54.395 wizem[7084:307785] Apache Cordova native platform version 3.9.2 is starting.
2016-01-14 15:56:54.396 wizem[7084:307785] Multi-tasking -> Device: YES, App: YES
2016-01-14 15:56:54.411 wizem[7084:307785] Unlimited access to network resources
2016-01-14 15:56:55.122 wizem[7084:307785] Resetting plugins due to page load.
2016-01-14 15:56:56.025 wizem[7084:307785] Finished load of: file:///Users/clementine/Library/Developer/CoreSimulator/Devices/8BFC6B6C-999C-489D-9DCC-A724FAA88745/data/Containers/Bundle/Application/6B327C56-DF4D-4388-8CD9-88EE0C86D108/wizem.app/www/index.html#/login
2016-01-14 15:56:56.317 wizem[7084:307785] ERROR: Plugin 'Device' not found, or is not a CDVPlugin. Check your plugin mapping in config.xml.
2016-01-14 15:56:56.317 wizem[7084:307785] -[CDVCommandQueue executePending] [Line 159] FAILED pluginJSON = ["Device7381239","Device","getDeviceInfo",[]]
2016-01-14 15:57:03.942 wizem[7084:307785] ERROR: Plugin 'Keyboard' not found, or is not a CDVPlugin. Check your plugin mapping in config.xml.
2016-01-14 15:57:03.942 wizem[7084:307785] -[CDVCommandQueue executePending] [Line 159] FAILED pluginJSON = ["INVALID","Keyboard","close",[]]
2016-01-14 15:57:03.942 wizem[7084:307785] ERROR: Plugin 'Keyboard' not found, or is not a CDVPlugin. Check your plugin mapping in config.xml.
2016-01-14 15:57:03.942 wizem[7084:307785] -[CDVCommandQueue executePending] [Line 159] FAILED pluginJSON = ["INVALID","Keyboard","close",[]]
2016-01-14 15:57:16.998 wizem[7084:307785] ERROR: Plugin 'Keyboard' not found, or is not a CDVPlugin. Check your plugin mapping in config.xml.
2016-01-14 15:57:16.998 wizem[7084:307785] -[CDVCommandQueue executePending] [Line 159] FAILED pluginJSON = ["INVALID","Keyboard","close",[]]
2016-01-14 15:57:18.731 wizem[7084:307785] ERROR: Plugin 'Keyboard' not found, or is not a CDVPlugin. Check your plugin mapping in config.xml.
2016-01-14 15:57:18.732 wizem[7084:307785] -[CDVCommandQueue executePending] [Line 159] FAILED pluginJSON = ["INVALID","Keyboard","close",[]]
2016-01-14 16:02:02.034 wizem[7084:307785] ERROR: Plugin 'Keyboard' not found, or is not a CDVPlugin. Check your plugin mapping in config.xml.
2016-01-14 16:02:02.035 wizem[7084:307785] -[CDVCommandQueue executePending] [Line 159] FAILED pluginJSON = ["INVALID","Keyboard","close",[]]
2016-01-14 16:02:05.977 wizem[7084:307785] ERROR: Plugin 'Keyboard' not found, or is not a CDVPlugin. Check your plugin mapping in config.xml.
2016-01-14 16:02:05.978 wizem[7084:307785] -[CDVCommandQueue executePending] [Line 159] FAILED pluginJSON = ["INVALID","Keyboard","close",[]]
2016-01-14 16:02:08.481 wizem[7084:307785] ERROR: Plugin 'Keyboard' not found, or is not a CDVPlugin. Check your plugin mapping in config.xml.
2016-01-14 16:02:08.481 wizem[7084:307785] -[CDVCommandQueue executePending] [Line 159] FAILED pluginJSON = ["INVALID","Keyboard","close",[]]
2016-01-14 16:02:10.245 wizem[7084:307785] ERROR: Plugin 'Keyboard' not found, or is not a CDVPlugin. Check your plugin mapping in config.xml.
2016-01-14 16:02:10.245 wizem[7084:307785] -[CDVCommandQueue executePending] [Line 159] FAILED pluginJSON = ["INVALID","Keyboard","close",[]]
2016-01-14 16:02:13.307 wizem[7084:307785] ERROR: Plugin 'Keyboard' not found, or is not a CDVPlugin. Check your plugin mapping in config.xml.
2016-01-14 16:02:13.307 wizem[7084:307785] -[CDVCommandQueue executePending] [Line 159] FAILED pluginJSON = ["INVALID","Keyboard","close",[]]
2016-01-14 16:02:14.787 wizem[7084:307785] ERROR: Plugin 'Keyboard' not found, or is not a CDVPlugin. Check your plugin mapping in config.xml.
2016-01-14 16:02:14.787 wizem[7084:307785] -[CDVCommandQueue executePending] [Line 159] FAILED pluginJSON = ["INVALID","Keyboard","close",[]]
2016-01-14 16:02:22.549 wizem[7084:307785] ERROR: Plugin 'Keyboard' not found, or is not a CDVPlugin. Check your plugin mapping in config.xml.
2016-01-14 16:02:22.549 wizem[7084:307785] -[CDVCommandQueue executePending] [Line 159] FAILED pluginJSON = ["INVALID","Keyboard","close",[]]
